\BOOKMARK [1][-]{section*.3}{\376\377\000T\000e\000m\000a\000\040\0001\000:\000\040\000I\000n\000t\000r\000o\000d\000u\000c\000c\000i\000\363\000n}{}% 1
\BOOKMARK [2][-]{section*.5}{\376\377\0000\000.\000\040\000A\000p\000r\000o\000x\000i\000m\000a\000c\000i\000\363\000n\000.}{section*.3}% 2
\BOOKMARK [2][-]{section*.7}{\376\377\0001\000.\000\040\000C\000a\000r\000a\000c\000t\000e\000r\000\355\000s\000t\000i\000c\000a\000s\000\040\000d\000e\000\040\000a\000l\000g\000u\000n\000a\000s\000\040\000h\000e\000r\000r\000a\000m\000i\000e\000n\000t\000a\000s}{section*.3}% 3
\BOOKMARK [3][-]{section*.9}{\376\377\0001\000.\0001\000\040\000M\000e\000n\000s\000a\000j\000e\000r\000\355\000a\000\040\000i\000n\000s\000t\000a\000n\000t\000\341\000n\000e\000a\000\040\000o\000\040\000I\000M\000.}{section*.7}% 4
\BOOKMARK [3][-]{section*.11}{\376\377\0001\000.\0002\000\040\000B\000l\000o\000g\000s\000\040\000\050\000w\000e\000b\000l\000o\000g\000\040\000o\000\040\000b\000i\000t\000\341\000c\000o\000r\000a\000s\000\051\000.}{section*.7}% 5
\BOOKMARK [3][-]{section*.13}{\376\377\0001\000.\0003\000\040\000P\000o\000d\000c\000a\000s\000t\000s}{section*.7}% 6
\BOOKMARK [3][-]{section*.15}{\376\377\0001\000.\0004\000\040\000W\000i\000k\000i}{section*.7}% 7
\BOOKMARK [3][-]{section*.17}{\376\377\0001\000.\0005\000\040\000H\000e\000r\000r\000a\000m\000i\000e\000n\000t\000a\000s\000\040\000d\000e\000\040\000a\000p\000r\000e\000n\000d\000i\000z\000a\000j\000e\000.}{section*.7}% 8
\BOOKMARK [3][-]{section*.19}{\376\377\0001\000.\0006\000\040\000C\000a\000m\000b\000i\000o\000s\000\040\000e\000n\000\040\000l\000a\000\040\000v\000i\000d\000a\000\040\000d\000i\000a\000r\000i\000a}{section*.7}% 9
\BOOKMARK [3][-]{section*.21}{\376\377\0001\000.\0007\000\040\000O\000c\000i\000o}{section*.7}% 10
\BOOKMARK [2][-]{section*.23}{\376\377\0002\000.\000\040\000F\000u\000n\000c\000i\000\363\000n\000\040\000y\000\040\000c\000o\000m\000p\000o\000n\000e\000n\000t\000e\000s\000\040\000d\000e\000\040\000r\000e\000d\000e\000s\000\040\000d\000e\000\040\000d\000a\000t\000o\000s}{section*.3}% 11
\BOOKMARK [3][-]{section*.25}{\376\377\0002\000.\0001\000\040\000C\000a\000r\000a\000c\000t\000e\000r\000\355\000s\000t\000i\000c\000a\000s\000\040\000b\000\341\000s\000i\000c\000a\000s}{section*.23}% 12
\BOOKMARK [3][-]{section*.27}{\376\377\0002\000.\0002\000\040\000F\000u\000n\000c\000i\000o\000n\000a\000m\000i\000e\000n\000t\000o}{section*.23}% 13
\BOOKMARK [3][-]{section*.29}{\376\377\0002\000.\0003\000\040\000E\000l\000e\000m\000e\000n\000t\000o\000s\000\040\000e\000n\000\040\000r\000e\000d\000e\000s\000:}{section*.23}% 14
\BOOKMARK [3][-]{section*.39}{\376\377\0002\000.\0004\000\040\000R\000e\000d\000e\000s\000\040\000c\000o\000n\000v\000e\000r\000g\000e\000n\000t\000e\000s}{section*.23}% 15
\BOOKMARK [2][-]{section*.41}{\376\377\0003\000.\000\040\000A\000r\000q\000u\000i\000t\000e\000c\000t\000u\000r\000a\000\040\000d\000e\000\040\000l\000a\000s\000\040\000r\000e\000d\000e\000s\000.}{section*.3}% 16
\BOOKMARK [3][-]{section*.43}{\376\377\0003\000.\0001\000.\000\040\000P\000r\000i\000n\000c\000i\000p\000i\000o\000s}{section*.41}% 17
\BOOKMARK [3][-]{section*.53}{\376\377\0003\000.\0002\000\040\000R\000e\000d\000e\000s\000\040\000b\000a\000s\000a\000d\000a\000s\000\040\000e\000n\000\040\000c\000o\000n\000m\000u\000t\000a\000c\000i\000\363\000n\000\040\000d\000e\000\040\000p\000a\000q\000u\000e\000t\000e\000s}{section*.41}% 18
\BOOKMARK [3][-]{section*.55}{\376\377\0003\000.\0003\000\040\000R\000e\000d\000e\000s\000\040\000b\000a\000s\000a\000d\000a\000s\000\040\000e\000n\000\040\000c\000o\000n\000m\000u\000t\000a\000c\000i\000\363\000n\000\040\000d\000e\000\040\000c\000i\000r\000c\000u\000i\000t\000o\000s\000.}{section*.41}% 19
\BOOKMARK [3][-]{section*.57}{\376\377\0003\000.\0004\000\040\000C\000a\000r\000a\000c\000t\000e\000r\000\355\000s\000t\000i\000c\000a\000s\000\040\000e\000s\000p\000e\000c\000\355\000f\000i\000c\000a\000s\000\040\000d\000e\000\040\000I\000n\000t\000e\000r\000n\000e\000t\000.}{section*.41}% 20
\BOOKMARK [3][-]{section*.65}{\376\377\0003\000.\0005\000\040\000C\000a\000l\000i\000d\000a\000d\000\040\000d\000e\000l\000\040\000s\000e\000r\000v\000i\000c\000i\000o}{section*.41}% 21
\BOOKMARK [2][-]{section*.67}{\376\377\0003\000.\0006\000\040\000S\000e\000g\000u\000r\000i\000d\000a\000d}{section*.3}% 22
\BOOKMARK [2][-]{section*.69}{\376\377\0003\000.\0007\000\040\000I\000n\000t\000e\000g\000r\000i\000d\000a\000d\000\040\000e\000n\000\040\000r\000e\000d\000e\000s\000.}{section*.3}% 23
\BOOKMARK [2][-]{section*.71}{\376\377\0004\000.\000\040\000S\000i\000s\000t\000e\000m\000a\000s\000\040\000d\000e\000\040\000n\000u\000m\000e\000r\000a\000c\000i\000\363\000n\000.}{section*.3}% 24
\BOOKMARK [3][-]{section*.73}{\376\377\0004\000.\0001\000\040\000C\000o\000n\000v\000e\000r\000s\000i\000\363\000n\000\040\000d\000e\000\040\000d\000e\000c\000i\000m\000a\000l\000\040\000a\000\040\000b\000i\000n\000a\000r\000i\000o}{section*.71}% 25
\BOOKMARK [3][-]{section*.75}{\376\377\0004\000.\0002\000\040\000C\000o\000n\000v\000e\000r\000s\000i\000\363\000n\000\040\000d\000e\000\040\000b\000i\000n\000a\000r\000i\000o\000\040\000a\000\040\000d\000e\000c\000i\000m\000a\000l}{section*.71}% 26
\BOOKMARK [3][-]{section*.77}{\376\377\0004\000.\0003\000\040\000C\000o\000n\000v\000e\000r\000s\000i\000\363\000n\000\040\000d\000e\000s\000d\000e\000\040\000d\000e\000c\000i\000m\000a\000l\000\040\000a\000\040\000h\000e\000x\000a\000d\000e\000c\000i\000m\000a\000l}{section*.71}% 27
\BOOKMARK [3][-]{section*.79}{\376\377\0004\000.\0004\000\040\000C\000o\000n\000v\000e\000r\000s\000i\000\363\000n\000\040\000d\000e\000s\000d\000e\000\040\000h\000e\000x\000a\000d\000e\000c\000i\000m\000a\000l\000\040\000a\000\040\000d\000e\000c\000i\000m\000a\000l}{section*.71}% 28
\BOOKMARK [2][-]{section*.91}{\376\377\0005\000\040\000E\000s\000t\000r\000u\000c\000t\000u\000r\000a\000\040\000g\000e\000n\000e\000r\000a\000l\000\040\000d\000e\000\040\000u\000n\000a\000\040\000r\000e\000d\000.}{section*.3}% 29
\BOOKMARK [3][-]{section*.93}{\376\377\0005\000.\0001\000\040\000C\000o\000m\000p\000o\000n\000e\000n\000t\000e\000s\000\040\000d\000e\000\040\000u\000n\000a\000\040\000r\000e\000d}{section*.91}% 30
\BOOKMARK [3][-]{section*.99}{\376\377\0005\000.\0002\000\040\000I\000n\000t\000e\000r\000m\000e\000d\000i\000a\000r\000i\000o\000s\000.}{section*.91}% 31
\BOOKMARK [3][-]{section*.101}{\376\377\0005\000.\0003\000\040\000M\000e\000d\000i\000o\000s}{section*.91}% 32
\BOOKMARK [3][-]{section*.111}{\376\377\0005\000.\0004\000\040\000T\000i\000p\000o\000s\000\040\000d\000e\000\040\000r\000e\000d}{section*.91}% 33
\BOOKMARK [3][-]{section*.119}{\376\377\0005\000.\0005\000\040\000I\000n\000t\000e\000r\000n\000e\000t}{section*.91}% 34
\BOOKMARK [3][-]{section*.121}{\376\377\0005\000.\0006\000\040\000I\000n\000t\000r\000a\000n\000e\000t}{section*.91}% 35
\BOOKMARK [2][-]{section*.123}{\376\377\0006\000\040\000P\000r\000o\000t\000o\000c\000o\000l\000o\000s}{section*.3}% 36
\BOOKMARK [2][-]{section*.125}{\376\377\0007\000.\000\040\000C\000o\000n\000j\000u\000n\000t\000o\000s\000\040\000d\000e\000\040\000p\000r\000o\000t\000o\000c\000o\000l\000o\000s}{section*.3}% 37
\BOOKMARK [3][-]{section*.127}{\376\377\0007\000.\0001\000\040\000O\000S\000I}{section*.125}% 38
\BOOKMARK [3][-]{section*.143}{\376\377\0007\000.\0002\000\040\000T\000C\000P\000/\000I\000P}{section*.125}% 39
\BOOKMARK [3][-]{section*.153}{\376\377\0007\000.\0003\000\040\000I\000n\000d\000e\000p\000e\000n\000d\000e\000n\000c\000i\000a\000\040\000d\000e\000\040\000l\000a\000\040\000t\000e\000c\000n\000o\000l\000o\000g\000\355\000a}{section*.125}% 40
\BOOKMARK [2][-]{section*.155}{\376\377\0008\000.\000\040\000C\000o\000n\000s\000i\000d\000e\000r\000a\000c\000i\000o\000n\000e\000s\000\040\000e\000n\000\040\000l\000o\000s\000\040\000m\000o\000d\000e\000l\000o\000s\000\040\000d\000e\000\040\000c\000a\000p\000a\000s}{section*.3}% 41
\BOOKMARK [3][-]{section*.157}{\376\377\0008\000.\0001\000\040\000E\000n\000c\000a\000p\000s\000u\000l\000a\000c\000i\000\363\000n}{section*.155}% 42
\BOOKMARK [3][-]{section*.159}{\376\377\0008\000.\0002\000\040\000D\000i\000r\000e\000c\000c\000i\000o\000n\000a\000m\000i\000e\000n\000t\000o}{section*.155}% 43
\BOOKMARK [1][-]{section*.161}{\376\377\000T\000e\000m\000a\000\040\0002\000:\000\040\000N\000i\000v\000e\000l\000\040\000f\000\355\000s\000i\000c\000o}{}% 44
\BOOKMARK [2][-]{section*.163}{\376\377\0000\000.\000\040\000I\000n\000t\000r\000o\000d\000u\000c\000c\000i\000\363\000n}{section*.161}% 45
\BOOKMARK [2][-]{section*.165}{\376\377\0001\000.\000\040\000F\000u\000n\000c\000i\000\363\000n}{section*.161}% 46
\BOOKMARK [3][-]{section*.167}{\376\377\0001\000.\0001\000\040\000M\000o\000d\000u\000l\000a\000c\000i\000\363\000n\000/\000d\000e\000m\000o\000d\000u\000l\000a\000c\000i\000\363\000n\000.}{section*.165}% 47
\BOOKMARK [2][-]{section*.181}{\376\377\0002\000.\000\040\000T\000r\000a\000n\000s\000m\000i\000s\000i\000\363\000n\000/\000r\000e\000c\000e\000p\000c\000i\000\363\000n\000\040\000e\000n\000\040\000a\000n\000a\000l\000\363\000g\000i\000c\000o\000\040\000o\000\040\000d\000i\000g\000i\000t\000a\000l\000.}{section*.161}% 48
\BOOKMARK [2][-]{section*.183}{\376\377\0003\000.\000\040\000T\000r\000a\000n\000s\000m\000i\000s\000i\000\363\000n\000\040\000o\000\040\000r\000e\000c\000e\000p\000c\000i\000\363\000n\000\040\000s\000\355\000n\000c\000r\000o\000n\000a\000/\000a\000s\000\355\000n\000c\000r\000o\000n\000a\000.}{section*.161}% 49
\BOOKMARK [2][-]{section*.185}{\376\377\0004\000.\000\040\000T\000r\000a\000n\000s\000m\000i\000s\000i\000\363\000n\000\040\000e\000n\000\040\000s\000e\000r\000i\000e\000\040\000o\000\040\000e\000n\000\040\000p\000a\000r\000a\000l\000e\000l\000o}{section*.161}% 50
\BOOKMARK [2][-]{section*.187}{\376\377\0005\000.\000\040\000C\000o\000d\000i\000f\000i\000c\000a\000c\000i\000o\000n\000e\000s\000/\000D\000e\000s\000c\000o\000d\000i\000f\000i\000c\000a\000c\000i\000o\000n\000e\000s}{section*.161}% 51
\BOOKMARK [3][-]{section*.189}{\376\377\0005\000.\0001\000.\000\040\000E\000s\000t\000\341\000n\000d\000a\000r\000e\000s}{section*.187}% 52
\BOOKMARK [2][-]{section*.191}{\376\377\0006\000.\000\040\000C\000o\000n\000c\000e\000p\000t\000o\000s\000\040\000h\000a\000b\000i\000t\000u\000a\000l\000e\000s\000\040\000e\000n\000\040\000f\000\355\000s\000i\000c\000a}{section*.161}% 53
\BOOKMARK [2][-]{section*.193}{\376\377\0007\000.\000\040\000M\000e\000d\000i\000o\000s\000\040\000f\000\355\000s\000i\000c\000o\000s\000.}{section*.161}% 54
\BOOKMARK [3][-]{section*.195}{\376\377\0007\000.\0001\000\040\000B\000a\000s\000a\000d\000o\000s\000\040\000e\000n\000\040\000c\000o\000b\000r\000e\000.}{section*.193}% 55
\BOOKMARK [3][-]{section*.207}{\376\377\0007\000.\0002\000\040\000M\000e\000d\000i\000o\000s\000\040\000i\000n\000a\000l\000\341\000m\000b\000r\000i\000c\000o\000s}{section*.193}% 56
\BOOKMARK [2][-]{section*.219}{\376\377\0008\000.\000\040\000C\000a\000b\000l\000e\000a\000d\000o\000\040\000e\000s\000t\000r\000u\000c\000t\000u\000r\000a\000d\000o}{section*.161}% 57
\BOOKMARK [3][-]{section*.221}{\376\377\0008\000.\0001\000\040\000O\000r\000g\000a\000n\000i\000z\000a\000c\000i\000\363\000n\000\040\000d\000e\000l\000\040\000c\000a\000b\000l\000e}{section*.219}% 58
\BOOKMARK [3][-]{section*.227}{\376\377\0008\000.\0002\000\040\000M\000o\000n\000t\000a\000j\000e\000\040\000d\000e\000\040\000s\000a\000l\000a\000s}{section*.219}% 59
\BOOKMARK [3][-]{section*.229}{\376\377\0008\000.\0003\000\040\000S\000e\000g\000u\000r\000i\000d\000a\000d\000\040\000e\000n\000\040\000l\000o\000s\000\040\000c\000a\000b\000l\000e\000s\000\040\000d\000e\000\040\000c\000o\000b\000r\000e\000.}{section*.219}% 60
\BOOKMARK [2][-]{section*.237}{\376\377\0009\000.\000\040\000O\000t\000r\000o\000s\000\040\000m\000e\000d\000i\000o\000s\000\040\000f\000\355\000s\000i\000c\000o\000s}{section*.161}% 61
\BOOKMARK [3][-]{section*.239}{\376\377\0009\000.\0001\000\040\000C\000a\000b\000l\000e\000\040\000S\000T\000P}{section*.237}% 62
\BOOKMARK [3][-]{section*.241}{\376\377\0009\000.\0002\000\040\000C\000a\000b\000l\000e\000\040\000c\000o\000a\000x\000i\000a\000l\000.}{section*.237}% 63
\BOOKMARK [3][-]{section*.243}{\376\377\0009\000.\0003\000\040\000F\000i\000b\000r\000a\000\040\000\363\000p\000t\000i\000c\000a}{section*.237}% 64
\BOOKMARK [3][-]{section*.245}{\376\377\0009\000.\0003\000.\0001\000\040\000M\000o\000n\000o\000m\000o\000d\000o\000.}{section*.237}% 65
\BOOKMARK [3][-]{section*.247}{\376\377\0009\000.\0003\000.\0002\000\040\000M\000u\000l\000t\000i\000m\000o\000d\000o\000.}{section*.237}% 66
\BOOKMARK [1][-]{section*.249}{\376\377\000T\000e\000m\000a\000\040\0003\000:\000\040\000N\000i\000v\000e\000l\000\040\000d\000e\000\040\000e\000n\000l\000a\000c\000e}{}% 67
\BOOKMARK [2][-]{section*.251}{\376\377\0000\000.\000\040\000I\000n\000t\000r\000o\000d\000u\000c\000c\000i\000\363\000n}{section*.249}% 68
\BOOKMARK [2][-]{section*.253}{\376\377\0001\000.\000\040\000S\000e\000r\000v\000i\000c\000i\000o\000s}{section*.249}% 69
\BOOKMARK [2][-]{section*.255}{\376\377\0001\000.\0001\000\040\000D\000e\000s\000c\000r\000i\000p\000c\000i\000\363\000n\000\040\000d\000e\000\040\000l\000o\000s\000\040\000s\000e\000r\000v\000i\000c\000i\000o\000s}{section*.249}% 70
\BOOKMARK [2][-]{section*.257}{\376\377\0001\000.\0002\000\040\000T\000e\000r\000m\000i\000n\000o\000l\000o\000g\000\355\000a}{section*.249}% 71
\BOOKMARK [2][-]{section*.259}{\376\377\0001\000.\0003\000\040\000N\000e\000c\000e\000s\000i\000d\000a\000d\000\040\000d\000e\000\040\000l\000a\000\040\000c\000a\000p\000a\000\040\000d\000e\000\040\000e\000n\000l\000a\000c\000e}{section*.249}% 72
\BOOKMARK [2][-]{section*.261}{\376\377\0001\000.\0004\000\040\000E\000n\000t\000r\000a\000m\000a\000d\000o}{section*.249}% 73
\BOOKMARK [2][-]{section*.263}{\376\377\0001\000.\0005\000\040\000A\000c\000c\000e\000s\000o\000\040\000a\000l\000\040\000m\000e\000d\000i\000o\000.}{section*.249}% 74
\BOOKMARK [2][-]{section*.265}{\376\377\0001\000.\0006\000\040\000I\000n\000f\000o\000r\000m\000a\000c\000i\000\363\000n\000\040\000i\000n\000c\000l\000u\000i\000d\000a\000\040\000e\000n\000\040\000l\000a\000s\000\040\000t\000r\000a\000m\000a\000s}{section*.249}% 75
\BOOKMARK [2][-]{section*.267}{\376\377\0002\000.\000-\000\040\000E\000l\000\040\000c\000o\000n\000t\000r\000o\000l\000\040\000d\000e\000l\000\040\000a\000c\000c\000e\000s\000o\000\040\000a\000l\000\040\000m\000e\000d\000i\000o}{section*.249}% 76
\BOOKMARK [2][-]{section*.269}{\376\377\0003\000.\000-\000\040\000T\000i\000p\000o\000s\000\040\000d\000e\000\040\000t\000r\000a\000n\000s\000m\000i\000s\000i\000\363\000n}{section*.249}% 77
\BOOKMARK [3][-]{section*.271}{\376\377\0003\000.\0001\000\040\000S\000\355\000m\000p\000l\000e\000x}{section*.269}% 78
\BOOKMARK [3][-]{section*.273}{\376\377\0003\000.\0002\000\040\000S\000e\000m\000i\000d\000\372\000p\000l\000e\000x\000\040\000o\000\040\000h\000a\000l\000f\000-\000d\000\372\000p\000l\000e\000x}{section*.269}% 79
\BOOKMARK [3][-]{section*.275}{\376\377\0003\000.\0003\000\040\000D\000\372\000p\000l\000e\000x}{section*.269}% 80
\BOOKMARK [3][-]{section*.277}{\376\377\0003\000.\0004\000\040\000A\000u\000t\000o\000n\000e\000g\000o\000c\000i\000a\000d\000o\000s}{section*.269}% 81
\BOOKMARK [2][-]{section*.279}{\376\377\0004\000.\000\040\000T\000o\000p\000o\000l\000o\000g\000\355\000a\000s}{section*.249}% 82
\BOOKMARK [3][-]{section*.281}{\376\377\0004\000.\0001\000\040\000P\000u\000n\000t\000o\000\040\000a\000\040\000p\000u\000n\000t\000o}{section*.279}% 83
\BOOKMARK [3][-]{section*.283}{\376\377\0004\000.\0002\000\040\000M\000u\000l\000t\000i\000a\000c\000c\000e\000s\000o\000\040\000o\000\040\000e\000n\000\040\000b\000u\000s}{section*.279}% 84
\BOOKMARK [3][-]{section*.285}{\376\377\0004\000.\0002\000\040\000A\000n\000i\000l\000l\000o}{section*.279}% 85
\BOOKMARK [3][-]{section*.287}{\376\377\0004\000.\0004\000\040\000T\000o\000p\000o\000l\000o\000g\000\355\000a\000s\000\040\000l\000\363\000g\000i\000c\000a\000s}{section*.279}% 86
\BOOKMARK [2][-]{section*.289}{\376\377\0005\000.\000-\000E\000n\000t\000r\000a\000m\000a\000d\000o}{section*.249}% 87
\BOOKMARK [2][-]{section*.291}{\376\377\0006\000.\000-\000\040\000D\000i\000s\000p\000o\000s\000i\000t\000i\000v\000o\000s}{section*.249}% 88
\BOOKMARK [2][-]{section*.293}{\376\377\0007\000.\000C\000o\000m\000a\000n\000d\000o\000s}{section*.249}% 89
